2026-03-03 19:35:42,702  INFO  Carregando CSV: C:\Users\Bete\Desktop\projeto-sentinel\packages\sentinel-api\..\..\sectors_symbols.csv
2026-03-03 19:35:42,717  INFO  CSV carregado: 1901 ativos em 52 setores
2026-03-03 19:35:42,721  INFO  ëndices: 52 setores | 10 exchanges | 17 tipos
2026-03-03 19:35:43,077  INFO  Auto-conectado [Pepperstone] 61485954 | Felipe Coelho | USD | Pepperstone-Demo
2026-03-03 19:35:43,091  INFO  ============================================================
2026-03-03 19:35:43,092  INFO  Sentinel API  http://localhost:8765
2026-03-03 19:35:43,093  INFO  MT5 disponÚvel: True
2026-03-03 19:35:43,094  INFO  CSV: 1901 ativos | 52 setores
2026-03-03 19:35:43,095  INFO  Conex¾es: mt5=False | pepperstone=True
2026-03-03 19:35:43,095  INFO  Ctrl+C para parar
2026-03-03 19:35:43,096  INFO  ============================================================
2026-03-03 19:35:43,196  INFO  "GET /mmf/debug HTTP/1.1" 200 -
2026-03-03 19:35:43,201  INFO  "GET /mmf/debug HTTP/1.1" 200 -
2026-03-03 19:35:43,205  INFO  "GET /mmf/debug HTTP/1.1" 200 -
2026-03-03 19:35:43,209  INFO  "GET /mmf/debug HTTP/1.1" 200 -
2026-03-03 19:35:43,215  INFO  "GET /mmf/debug HTTP/1.1" 200 -
2026-03-03 19:35:43,219  INFO  "GET /mmf/debug HTTP/1.1" 200 -
2026-03-03 19:35:43,224  INFO  "GET /mmf/debug HTTP/1.1" 200 -
2026-03-03 19:35:43,228  INFO  "GET /mmf/debug HTTP/1.1" 200 -
2026-03-03 19:35:43,233  INFO  "GET /mmf/debug HTTP/1.1" 200 -
2026-03-03 19:35:43,237  INFO  "GET /mmf/debug HTTP/1.1" 200 -
2026-03-03 19:35:43,522  INFO  "GET /mmf/debug HTTP/1.1" 200 -
2026-03-03 19:35:44,019  INFO  "GET /mmf/debug HTTP/1.1" 200 -
2026-03-03 19:35:44,510  INFO  "GET /mmf/debug HTTP/1.1" 200 -
2026-03-03 19:35:45,017  INFO  "GET /mmf/debug HTTP/1.1" 200 -
2026-03-03 19:35:45,519  INFO  "GET /mmf/debug HTTP/1.1" 200 -
2026-03-03 19:35:46,017  INFO  "GET /mmf/debug HTTP/1.1" 200 -
2026-03-03 19:35:46,517  INFO  "GET /mmf/debug HTTP/1.1" 200 -
2026-03-03 19:35:47,017  INFO  "GET /mmf/debug HTTP/1.1" 200 -
2026-03-03 19:35:47,516  INFO  "GET /mmf/debug HTTP/1.1" 200 -
2026-03-03 19:35:48,010  INFO  "GET /mmf/debug HTTP/1.1" 200 -
2026-03-03 19:35:48,307  INFO  "GET /status HTTP/1.1" 200 -
2026-03-03 19:35:48,515  INFO  "GET /mmf/debug HTTP/1.1" 200 -
2026-03-03 19:35:49,015  INFO  "GET /mmf/debug HTTP/1.1" 200 -
2026-03-03 19:35:49,509  INFO  "GET /mmf/debug HTTP/1.1" 200 -
2026-03-03 19:35:50,014  INFO  "GET /mmf/debug HTTP/1.1" 200 -
2026-03-03 19:35:50,511  INFO  "GET /mmf/debug HTTP/1.1" 200 -
2026-03-03 19:35:51,013  INFO  "GET /mmf/debug HTTP/1.1" 200 -
2026-03-03 19:35:51,513  INFO  "GET /mmf/debug HTTP/1.1" 200 -
2026-03-03 19:35:52,012  INFO  "GET /mmf/debug HTTP/1.1" 200 -
2026-03-03 19:35:52,510  INFO  "GET /mmf/debug HTTP/1.1" 200 -
2026-03-03 19:35:53,011  INFO  "GET /mmf/debug HTTP/1.1" 200 -
2026-03-03 19:35:53,512  INFO  "GET /mmf/debug HTTP/1.1" 200 -
2026-03-03 19:35:54,011  INFO  "GET /mmf/debug HTTP/1.1" 200 -
2026-03-03 19:35:54,511  INFO  "GET /mmf/debug HTTP/1.1" 200 -
2026-03-03 19:35:55,011  INFO  "GET /mmf/debug HTTP/1.1" 200 -
2026-03-03 19:35:55,510  INFO  "GET /mmf/debug HTTP/1.1" 200 -
2026-03-03 19:35:56,010  INFO  "GET /mmf/debug HTTP/1.1" 200 -
2026-03-03 19:35:56,515  INFO  "GET /mmf/debug HTTP/1.1" 200 -
2026-03-03 19:35:57,016  INFO  "GET /mmf/debug HTTP/1.1" 200 -
2026-03-03 19:35:57,026  INFO  "GET /mmf/debug HTTP/1.1" 200 -
2026-03-03 19:35:57,516  INFO  "GET /mmf/debug HTTP/1.1" 200 -
2026-03-03 19:35:58,010  INFO  "GET /mmf/debug HTTP/1.1" 200 -
2026-03-03 19:35:58,524  INFO  "GET /mmf/debug HTTP/1.1" 200 -
2026-03-03 19:35:59,017  INFO  "GET /mmf/debug HTTP/1.1" 200 -
2026-03-03 19:35:59,523  INFO  "GET /mmf/debug HTTP/1.1" 200 -
2026-03-03 19:36:00,018  INFO  "GET /mmf/debug HTTP/1.1" 200 -
2026-03-03 19:36:00,512  INFO  "GET /mmf/debug HTTP/1.1" 200 -
2026-03-03 19:36:01,010  INFO  "GET /mmf/debug HTTP/1.1" 200 -
2026-03-03 19:36:01,511  INFO  "GET /mmf/debug HTTP/1.1" 200 -
2026-03-03 19:36:02,022  INFO  "GET /mmf/debug HTTP/1.1" 200 -
2026-03-03 19:36:02,518  INFO  "GET /mmf/debug HTTP/1.1" 200 -
2026-03-03 19:36:03,015  INFO  "GET /mmf/debug HTTP/1.1" 200 -
2026-03-03 19:36:03,510  INFO  "GET /mmf/debug HTTP/1.1" 200 -
2026-03-03 19:36:04,020  INFO  "GET /mmf/debug HTTP/1.1" 200 -
2026-03-03 19:36:04,517  INFO  "GET /mmf/debug HTTP/1.1" 200 -
2026-03-03 19:36:05,011  INFO  "GET /mmf/debug HTTP/1.1" 200 -
2026-03-03 19:36:05,520  INFO  "GET /mmf/debug HTTP/1.1" 200 -
2026-03-03 19:36:06,010  INFO  "GET /mmf/debug HTTP/1.1" 200 -
2026-03-03 19:36:06,510  INFO  "GET /mmf/debug HTTP/1.1" 200 -
2026-03-03 19:36:07,010  INFO  "GET /mmf/debug HTTP/1.1" 200 -
2026-03-03 19:36:07,509  INFO  "GET /mmf/debug HTTP/1.1" 200 -
2026-03-03 19:36:08,010  INFO  "GET /mmf/debug HTTP/1.1" 200 -
2026-03-03 19:36:08,518  INFO  "GET /mmf/debug HTTP/1.1" 200 -
2026-03-03 19:36:09,015  INFO  "GET /mmf/debug HTTP/1.1" 200 -
2026-03-03 19:36:09,518  INFO  "GET /mmf/debug HTTP/1.1" 200 -
2026-03-03 19:36:10,016  INFO  "GET /mmf/debug HTTP/1.1" 200 -
2026-03-03 19:36:10,511  INFO  "GET /mmf/debug HTTP/1.1" 200 -
2026-03-03 19:36:11,064  INFO  "GET /mmf/debug HTTP/1.1" 200 -
2026-03-03 19:36:11,512  INFO  "GET /mmf/debug HTTP/1.1" 200 -
2026-03-03 19:36:12,009  INFO  "GET /mmf/debug HTTP/1.1" 200 -
2026-03-03 19:36:12,517  INFO  "GET /mmf/debug HTTP/1.1" 200 -
2026-03-03 19:36:13,009  INFO  "GET /mmf/debug HTTP/1.1" 200 -
2026-03-03 19:36:13,510  INFO  "GET /mmf/debug HTTP/1.1" 200 -
2026-03-03 19:36:14,015  INFO  "GET /mmf/debug HTTP/1.1" 200 -
2026-03-03 19:36:14,515  INFO  "GET /mmf/debug HTTP/1.1" 200 -
2026-03-03 19:36:15,009  INFO  "GET /mmf/debug HTTP/1.1" 200 -
2026-03-03 19:36:15,514  INFO  "GET /mmf/debug HTTP/1.1" 200 -
2026-03-03 19:36:16,013  INFO  "GET /mmf/debug HTTP/1.1" 200 -
2026-03-03 19:36:16,514  INFO  "GET /mmf/debug HTTP/1.1" 200 -
2026-03-03 19:36:17,014  INFO  "GET /mmf/debug HTTP/1.1" 200 -
2026-03-03 19:36:17,511  INFO  "GET /mmf/debug HTTP/1.1" 200 -
2026-03-03 19:36:18,012  INFO  "GET /mmf/debug HTTP/1.1" 200 -
2026-03-03 19:36:18,513  INFO  "GET /mmf/debug HTTP/1.1" 200 -
2026-03-03 19:36:19,010  INFO  "GET /mmf/debug HTTP/1.1" 200 -
2026-03-03 19:36:19,510  INFO  "GET /mmf/debug HTTP/1.1" 200 -
2026-03-03 19:36:20,012  INFO  "GET /mmf/debug HTTP/1.1" 200 -
2026-03-03 19:36:20,512  INFO  "GET /mmf/debug HTTP/1.1" 200 -
2026-03-03 19:36:21,011  INFO  "GET /mmf/debug HTTP/1.1" 200 -
2026-03-03 19:36:21,512  INFO  "GET /mmf/debug HTTP/1.1" 200 -
2026-03-03 19:36:22,019  INFO  "GET /mmf/debug HTTP/1.1" 200 -
2026-03-03 19:36:22,515  INFO  "GET /mmf/debug HTTP/1.1" 200 -
2026-03-03 19:36:23,012  INFO  "GET /mmf/debug HTTP/1.1" 200 -
2026-03-03 19:36:23,511  INFO  "GET /mmf/debug HTTP/1.1" 200 -
2026-03-03 19:36:24,024  INFO  "GET /mmf/debug HTTP/1.1" 200 -
2026-03-03 19:36:24,511  INFO  "GET /mmf/debug HTTP/1.1" 200 -
2026-03-03 19:36:25,018  INFO  "GET /mmf/debug HTTP/1.1" 200 -
2026-03-03 19:36:25,514  INFO  "GET /mmf/debug HTTP/1.1" 200 -
2026-03-03 19:36:26,012  INFO  "GET /mmf/debug HTTP/1.1" 200 -
2026-03-03 19:36:26,521  INFO  "GET /mmf/debug HTTP/1.1" 200 -
2026-03-03 19:36:27,010  INFO  "GET /mmf/debug HTTP/1.1" 200 -
2026-03-03 19:36:27,522  INFO  "GET /mmf/debug HTTP/1.1" 200 -
2026-03-03 19:36:28,013  INFO  "GET /mmf/debug HTTP/1.1" 200 -
2026-03-03 19:36:28,521  INFO  "GET /mmf/debug HTTP/1.1" 200 -
2026-03-03 19:36:29,011  INFO  "GET /mmf/debug HTTP/1.1" 200 -
2026-03-03 19:36:29,510  INFO  "GET /mmf/debug HTTP/1.1" 200 -
2026-03-03 19:36:30,020  INFO  "GET /mmf/debug HTTP/1.1" 200 -
2026-03-03 19:36:30,521  INFO  "GET /mmf/debug HTTP/1.1" 200 -
2026-03-03 19:36:31,013  INFO  "GET /mmf/debug HTTP/1.1" 200 -
2026-03-03 19:36:31,519  INFO  "GET /mmf/debug HTTP/1.1" 200 -
2026-03-03 19:36:32,010  INFO  "GET /mmf/debug HTTP/1.1" 200 -
2026-03-03 19:36:32,519  INFO  "GET /mmf/debug HTTP/1.1" 200 -
2026-03-03 19:36:33,011  INFO  "GET /mmf/debug HTTP/1.1" 200 -
2026-03-03 19:36:33,519  INFO  "GET /mmf/debug HTTP/1.1" 200 -
2026-03-03 19:36:34,010  INFO  "GET /mmf/debug HTTP/1.1" 200 -
2026-03-03 19:36:34,510  INFO  "GET /mmf/debug HTTP/1.1" 200 -
2026-03-03 19:36:35,018  INFO  "GET /mmf/debug HTTP/1.1" 200 -
2026-03-03 19:36:35,517  INFO  "GET /mmf/debug HTTP/1.1" 200 -
2026-03-03 19:36:36,016  INFO  "GET /mmf/debug HTTP/1.1" 200 -
2026-03-03 19:36:36,517  INFO  "GET /mmf/debug HTTP/1.1" 200 -
2026-03-03 19:36:37,016  INFO  "GET /mmf/debug HTTP/1.1" 200 -
2026-03-03 19:36:37,509  INFO  "GET /mmf/debug HTTP/1.1" 200 -
2026-03-03 19:36:38,016  INFO  "GET /mmf/debug HTTP/1.1" 200 -
2026-03-03 19:36:38,515  INFO  "GET /mmf/debug HTTP/1.1" 200 -
2026-03-03 19:36:39,010  INFO  "GET /mmf/debug HTTP/1.1" 200 -
2026-03-03 19:36:39,512  INFO  "GET /mmf/debug HTTP/1.1" 200 -
2026-03-03 19:36:40,020  INFO  "GET /mmf/debug HTTP/1.1" 200 -
2026-03-03 19:36:40,512  INFO  "GET /mmf/debug HTTP/1.1" 200 -
2026-03-03 19:36:41,013  INFO  "GET /mmf/debug HTTP/1.1" 200 -
2026-03-03 19:36:41,513  INFO  "GET /mmf/debug HTTP/1.1" 200 -
2026-03-03 19:36:42,012  INFO  "GET /mmf/debug HTTP/1.1" 200 -
2026-03-03 19:36:42,511  INFO  "GET /mmf/debug HTTP/1.1" 200 -
2026-03-03 19:36:43,013  INFO  "GET /mmf/debug HTTP/1.1" 200 -
2026-03-03 19:36:43,511  INFO  "GET /mmf/debug HTTP/1.1" 200 -
2026-03-03 19:36:44,010  INFO  "GET /mmf/debug HTTP/1.1" 200 -
2026-03-03 19:36:44,514  INFO  "GET /mmf/debug HTTP/1.1" 200 -
2026-03-03 19:36:45,010  INFO  "GET /mmf/debug HTTP/1.1" 200 -
2026-03-03 19:36:45,512  INFO  "GET /mmf/debug HTTP/1.1" 200 -
2026-03-03 19:36:46,010  INFO  "GET /mmf/debug HTTP/1.1" 200 -
2026-03-03 19:36:46,516  INFO  "GET /mmf/debug HTTP/1.1" 200 -
2026-03-03 19:36:47,009  INFO  "GET /mmf/debug HTTP/1.1" 200 -
2026-03-03 19:36:47,518  INFO  "GET /mmf/debug HTTP/1.1" 200 -
2026-03-03 19:36:48,014  INFO  "GET /mmf/debug HTTP/1.1" 200 -
2026-03-03 19:36:48,510  INFO  "GET /mmf/debug HTTP/1.1" 200 -
2026-03-03 19:36:49,021  INFO  "GET /mmf/debug HTTP/1.1" 200 -
2026-03-03 19:36:49,517  INFO  "GET /mmf/debug HTTP/1.1" 200 -
2026-03-03 19:36:50,010  INFO  "GET /mmf/debug HTTP/1.1" 200 -
2026-03-03 19:36:50,520  INFO  "GET /mmf/debug HTTP/1.1" 200 -
2026-03-03 19:36:51,013  INFO  "GET /mmf/debug HTTP/1.1" 200 -
2026-03-03 19:36:51,523  INFO  "GET /mmf/debug HTTP/1.1" 200 -
2026-03-03 19:36:52,009  INFO  "GET /mmf/debug HTTP/1.1" 200 -
2026-03-03 19:36:52,510  INFO  "GET /mmf/debug HTTP/1.1" 200 -
2026-03-03 19:36:53,019  INFO  "GET /mmf/debug HTTP/1.1" 200 -
2026-03-03 19:36:53,514  INFO  "GET /mmf/debug HTTP/1.1" 200 -
2026-03-03 19:36:54,021  INFO  "GET /mmf/debug HTTP/1.1" 200 -
2026-03-03 19:36:54,517  INFO  "GET /mmf/debug HTTP/1.1" 200 -
2026-03-03 19:36:55,013  INFO  "GET /mmf/debug HTTP/1.1" 200 -
2026-03-03 19:36:55,588  INFO  "GET /mmf/debug HTTP/1.1" 200 -
2026-03-03 19:36:56,021  INFO  "GET /mmf/debug HTTP/1.1" 200 -
2026-03-03 19:36:56,509  INFO  "GET /mmf/debug HTTP/1.1" 200 -
2026-03-03 19:36:57,014  INFO  "GET /mmf/debug HTTP/1.1" 200 -
2026-03-03 19:36:57,519  INFO  "GET /mmf/debug HTTP/1.1" 200 -
2026-03-03 19:36:58,019  INFO  "GET /mmf/debug HTTP/1.1" 200 -
2026-03-03 19:36:58,518  INFO  "GET /mmf/debug HTTP/1.1" 200 -
2026-03-03 19:36:59,016  INFO  "GET /mmf/debug HTTP/1.1" 200 -
2026-03-03 19:36:59,517  INFO  "GET /mmf/debug HTTP/1.1" 200 -
2026-03-03 19:37:00,011  INFO  "GET /mmf/debug HTTP/1.1" 200 -
2026-03-03 19:37:00,516  INFO  "GET /mmf/debug HTTP/1.1" 200 -
2026-03-03 19:37:01,017  INFO  "GET /mmf/debug HTTP/1.1" 200 -
